<?xml version="1.0" encoding="UTF-8"?>
<!-- Generated by org.testng.reporters.JUnitXMLReporter -->
<testsuite hostname="Kavuris-MBP" name="Default test" tests="3" failures="0" timestamp="7 Mar 2018 14:35:29 GMT" time="49.483" errors="0">
  <testcase name="loginPageTitleTest" time="0.03" classname="com.crm.qa.testcases.LoginPageTest"/>
  <testcase name="crmLogoImageTest" time="0.163" classname="com.crm.qa.testcases.LoginPageTest"/>
  <testcase name="logintest" time="0.328" classname="com.crm.qa.testcases.LoginPageTest"/>
</testsuite> <!-- Default test -->
