<?xml version="1.0" encoding="UTF-8"?>
<!-- Generated by org.testng.reporters.JUnitXMLReporter -->
<testsuite hostname="Kavuris-MBP" name="Test" tests="3" failures="0" timestamp="7 Mar 2018 15:42:16 GMT" time="50.347" errors="0">
  <testcase name="loginPageTitleTest" time="0.056" classname="com.crm.qa.testcases.LoginPageTest"/>
  <testcase name="crmLogoImageTest" time="0.186" classname="com.crm.qa.testcases.LoginPageTest"/>
  <testcase name="logintest" time="0.368" classname="com.crm.qa.testcases.LoginPageTest"/>
</testsuite> <!-- Test -->
