<?xml version="1.0" encoding="UTF-8"?>
<testng-results skipped="0" failed="0" total="3" passed="3">
  <reporter-output>
  </reporter-output>
  <suite name="Suite" duration-ms="50347" started-at="2018-03-07T15:41:25Z" finished-at="2018-03-07T15:42:16Z">
    <groups>
    </groups>
    <test name="Test" duration-ms="50347" started-at="2018-03-07T15:41:25Z" finished-at="2018-03-07T15:42:16Z">
      <class name="com.crm.qa.testcases.LoginPageTest">
        <test-method status="PASS" signature="setUp()[pri:0, instance:com.crm.qa.testcases.LoginPageTest@66a3ffec]" name="setUp" is-config="true" duration-ms="12504" started-at="2018-03-07T15:41:25Z" finished-at="2018-03-07T15:41:38Z">
          <reporter-output>
          </reporter-output>
        </test-method> <!-- setUp -->
        <test-method status="PASS" signature="loginPageTitleTest()[pri:0, instance:com.crm.qa.testcases.LoginPageTest@66a3ffec]" name="loginPageTitleTest" duration-ms="56" started-at="2018-03-07T15:41:38Z" finished-at="2018-03-07T15:41:38Z">
          <reporter-output>
          </reporter-output>
        </test-method> <!-- loginPageTitleTest -->
        <test-method status="PASS" signature="tearDown()[pri:0, instance:com.crm.qa.testcases.LoginPageTest@66a3ffec]" name="tearDown" is-config="true" duration-ms="5191" started-at="2018-03-07T15:41:38Z" finished-at="2018-03-07T15:41:43Z">
          <reporter-output>
          </reporter-output>
        </test-method> <!-- tearDown -->
        <test-method status="PASS" signature="setUp()[pri:0, instance:com.crm.qa.testcases.LoginPageTest@66a3ffec]" name="setUp" is-config="true" duration-ms="12477" started-at="2018-03-07T15:41:43Z" finished-at="2018-03-07T15:41:56Z">
          <reporter-output>
          </reporter-output>
        </test-method> <!-- setUp -->
        <test-method status="PASS" signature="crmLogoImageTest()[pri:0, instance:com.crm.qa.testcases.LoginPageTest@66a3ffec]" name="crmLogoImageTest" duration-ms="186" started-at="2018-03-07T15:41:56Z" finished-at="2018-03-07T15:41:56Z">
          <reporter-output>
          </reporter-output>
        </test-method> <!-- crmLogoImageTest -->
        <test-method status="PASS" signature="tearDown()[pri:0, instance:com.crm.qa.testcases.LoginPageTest@66a3ffec]" name="tearDown" is-config="true" duration-ms="5128" started-at="2018-03-07T15:41:56Z" finished-at="2018-03-07T15:42:01Z">
          <reporter-output>
          </reporter-output>
        </test-method> <!-- tearDown -->
        <test-method status="PASS" signature="setUp()[pri:0, instance:com.crm.qa.testcases.LoginPageTest@66a3ffec]" name="setUp" is-config="true" duration-ms="9276" started-at="2018-03-07T15:42:01Z" finished-at="2018-03-07T15:42:10Z">
          <reporter-output>
          </reporter-output>
        </test-method> <!-- setUp -->
        <test-method status="PASS" signature="logintest()[pri:0, instance:com.crm.qa.testcases.LoginPageTest@66a3ffec]" name="logintest" duration-ms="368" started-at="2018-03-07T15:42:10Z" finished-at="2018-03-07T15:42:11Z">
          <reporter-output>
          </reporter-output>
        </test-method> <!-- logintest -->
        <test-method status="PASS" signature="tearDown()[pri:0, instance:com.crm.qa.testcases.LoginPageTest@66a3ffec]" name="tearDown" is-config="true" duration-ms="5134" started-at="2018-03-07T15:42:11Z" finished-at="2018-03-07T15:42:16Z">
          <reporter-output>
          </reporter-output>
        </test-method> <!-- tearDown -->
      </class> <!-- com.crm.qa.testcases.LoginPageTest -->
    </test> <!-- Test -->
  </suite> <!-- Suite -->
</testng-results>
